# JRE version: OpenJDK Runtime Environment Temurin-17.0.7+7 (17.0.7+7) (build 17.0.7+7)
# Java VM: OpenJDK 64-Bit Server VM Temurin-17.0.7+7 (17.0.7+7, mixed mode, sharing, tiered, compressed oops, compressed class ptrs, g1 gc, windows-amd64)
GC Precious Log:
 CPUs: 16 total, 16 available
 Memory: 16128M
 Large Page Support: Disabled
 NUMA Support: Disabled
 Compressed Oops: Enabled (Zero based)
 Heap Region Size: 2M
 Heap Min Capacity: 512M
 Heap Initial Capacity: 512M
 Heap Max Capacity: 4072M
 Pre-touch: Disabled
 Parallel Workers: 13
 Concurrent Workers: 3
 Concurrent Refinement Workers: 13
 Periodic GC: Disabled
 String Deduplication is enabled
Heap:
 garbage-first heap   total 524288K, used 103584K [0x0000000701800000, 0x0000000800000000)
  region size 2048K, 10 young (20480K), 2 survivors (4096K)
 Metaspace       used 79541K, committed 80192K, reserved 1179648K
  class space    used 10854K, committed 11200K, reserved 1048576K
GC Heap History (20 events):
Event: 2436.408 GC heap before
{Heap before GC invocations=63 (full 3):
 garbage-first heap   total 524288K, used 165883K [0x0000000701800000, 0x0000000800000000)
  region size 2048K, 40 young (81920K), 2 survivors (4096K)
 Metaspace       used 79245K, committed 79872K, reserved 1179648K
  class space    used 10854K, committed 11200K, reserved 1048576K
}
Event: 2436.409 GC heap after
{Heap after GC invocations=64 (full 3):
 garbage-first heap   total 524288K, used 88844K [0x0000000701800000, 0x0000000800000000)
  region size 2048K, 2 young (4096K), 2 survivors (4096K)
 Metaspace       used 79245K, committed 79872K, reserved 1179648K
  class space    used 10854K, committed 11200K, reserved 1048576K
}
Event: 2438.407 GC heap before
{Heap before GC invocations=64 (full 3):
 garbage-first heap   total 524288K, used 166668K [0x0000000701800000, 0x0000000800000000)
  region size 2048K, 40 young (81920K), 2 survivors (4096K)
 Metaspace       used 79278K, committed 79936K, reserved 1179648K
  class space    used 10854K, committed 11200K, reserved 1048576K
}
Event: 2438.409 GC heap after
{Heap after GC invocations=65 (full 3):
 garbage-first heap   total 524288K, used 88647K [0x0000000701800000, 0x0000000800000000)
  region size 2048K, 2 young (4096K), 2 survivors (4096K)
 Metaspace       used 79278K, committed 79936K, reserved 1179648K
  class space    used 10854K, committed 11200K, reserved 1048576K
}
Event: 2444.353 GC heap before
{Heap before GC invocations=65 (full 3):
 garbage-first heap   total 524288K, used 166471K [0x0000000701800000, 0x0000000800000000)
  region size 2048K, 40 young (81920K), 2 survivors (4096K)
 Metaspace       used 79315K, committed 79936K, reserved 1179648K
  class space    used 10854K, committed 11200K, reserved 1048576K
}
Event: 2444.355 GC heap after
{Heap after GC invocations=66 (full 3):
 garbage-first heap   total 524288K, used 88767K [0x0000000701800000, 0x0000000800000000)
  region size 2048K, 2 young (4096K), 2 survivors (4096K)
 Metaspace       used 79315K, committed 79936K, reserved 1179648K
  class space    used 10854K, committed 11200K, reserved 1048576K
}
Event: 2446.347 GC heap before
{Heap before GC invocations=66 (full 3):
 garbage-first heap   total 524288K, used 166591K [0x0000000701800000, 0x0000000800000000)
  region size 2048K, 40 young (81920K), 2 survivors (4096K)
 Metaspace       used 79326K, committed 80000K, reserved 1179648K
  class space    used 10854K, committed 11200K, reserved 1048576K
}
Event: 2446.349 GC heap after
{Heap after GC invocations=67 (full 3):
 garbage-first heap   total 524288K, used 88961K [0x0000000701800000, 0x0000000800000000)
  region size 2048K, 2 young (4096K), 2 survivors (4096K)
 Metaspace       used 79326K, committed 80000K, reserved 1179648K
  class space    used 10854K, committed 11200K, reserved 1048576K
}
Event: 2452.362 GC heap before
{Heap before GC invocations=67 (full 3):
 garbage-first heap   total 524288K, used 166785K [0x0000000701800000, 0x0000000800000000)
  region size 2048K, 40 young (81920K), 2 survivors (4096K)
 Metaspace       used 79387K, committed 80064K, reserved 1179648K
  class space    used 10854K, committed 11200K, reserved 1048576K
}
Event: 2452.364 GC heap after
{Heap after GC invocations=68 (full 3):
 garbage-first heap   total 524288K, used 89252K [0x0000000701800000, 0x0000000800000000)
  region size 2048K, 2 young (4096K), 2 survivors (4096K)
 Metaspace       used 79387K, committed 80064K, reserved 1179648K
  class space    used 10854K, committed 11200K, reserved 1048576K
}
Event: 2454.349 GC heap before
{Heap before GC invocations=68 (full 3):
 garbage-first heap   total 524288K, used 167076K [0x0000000701800000, 0x0000000800000000)
  region size 2048K, 40 young (81920K), 2 survivors (4096K)
 Metaspace       used 79392K, committed 80064K, reserved 1179648K
  class space    used 10854K, committed 11200K, reserved 1048576K
}
Event: 2454.350 GC heap after
{Heap after GC invocations=69 (full 3):
 garbage-first heap   total 524288K, used 89241K [0x0000000701800000, 0x0000000800000000)
  region size 2048K, 2 young (4096K), 2 survivors (4096K)
 Metaspace       used 79392K, committed 80064K, reserved 1179648K
  class space    used 10854K, committed 11200K, reserved 1048576K
}
Event: 2462.120 GC heap before
{Heap before GC invocations=69 (full 3):
 garbage-first heap   total 524288K, used 167065K [0x0000000701800000, 0x0000000800000000)
  region size 2048K, 40 young (81920K), 2 survivors (4096K)
 Metaspace       used 79408K, committed 80064K, reserved 1179648K
  class space    used 10854K, committed 11200K, reserved 1048576K
}
Event: 2462.122 GC heap after
{Heap after GC invocations=70 (full 3):
 garbage-first heap   total 524288K, used 88785K [0x0000000701800000, 0x0000000800000000)
  region size 2048K, 2 young (4096K), 2 survivors (4096K)
 Metaspace       used 79408K, committed 80064K, reserved 1179648K
  class space    used 10854K, committed 11200K, reserved 1048576K
}
Event: 2465.336 GC heap before
{Heap before GC invocations=70 (full 3):
 garbage-first heap   total 524288K, used 166609K [0x0000000701800000, 0x0000000800000000)
  region size 2048K, 40 young (81920K), 2 survivors (4096K)
 Metaspace       used 79446K, committed 80064K, reserved 1179648K
  class space    used 10854K, committed 11200K, reserved 1048576K
}
Event: 2465.337 GC heap after
{Heap after GC invocations=71 (full 3):
 garbage-first heap   total 524288K, used 88683K [0x0000000701800000, 0x0000000800000000)
  region size 2048K, 2 young (4096K), 2 survivors (4096K)
 Metaspace       used 79446K, committed 80064K, reserved 1179648K
  class space    used 10854K, committed 11200K, reserved 1048576K
}
Event: 2473.578 GC heap before
{Heap before GC invocations=71 (full 3):
 garbage-first heap   total 524288K, used 166507K [0x0000000701800000, 0x0000000800000000)
  region size 2048K, 40 young (81920K), 2 survivors (4096K)
 Metaspace       used 79487K, committed 80192K, reserved 1179648K
  class space    used 10854K, committed 11200K, reserved 1048576K
}
Event: 2473.579 GC heap after
{Heap after GC invocations=72 (full 3):
 garbage-first heap   total 524288K, used 88697K [0x0000000701800000, 0x0000000800000000)
  region size 2048K, 1 young (2048K), 1 survivors (2048K)
 Metaspace       used 79487K, committed 80192K, reserved 1179648K
  class space    used 10854K, committed 11200K, reserved 1048576K
}
Event: 2482.455 GC heap before
{Heap before GC invocations=72 (full 3):
 garbage-first heap   total 524288K, used 168569K [0x0000000701800000, 0x0000000800000000)
  region size 2048K, 40 young (81920K), 1 survivors (2048K)
 Metaspace       used 79541K, committed 80192K, reserved 1179648K
  class space    used 10854K, committed 11200K, reserved 1048576K
}
Event: 2482.457 GC heap after
{Heap after GC invocations=73 (full 3):
 garbage-first heap   total 524288K, used 89248K [0x0000000701800000, 0x0000000800000000)
  region size 2048K, 2 young (4096K), 2 survivors (4096K)
 Metaspace       used 79541K, committed 80192K, reserved 1179648K
  class space    used 10854K, committed 11200K, reserved 1048576K
}

